<?xml version="1.0" encoding="UTF-8"?>
<!-- Generated by org.testng.reporters.JUnitXMLReporter -->
<testsuite ignored="0" hostname="DESKTOP-RKGDBJ8" failures="0" tests="4" name="Test" time="27.435" errors="0" timestamp="23 Jul 2021 11:15:15 GMT">
  <testcase classname="Maven1.TestNGExtentReports" name="GoogleSearch" time="5.841"/>
  <testcase classname="Maven1.TestNGDemoClass" name="GoogleSearch" time="5.92"/>
  <testcase classname="Maven1.TestNGExtentReports" name="GoogleClick" time="2.47"/>
  <testcase classname="Maven1.TestNGDemoClass" name="GoogleClick" time="3.131"/>
</testsuite> <!-- Test -->
